<?xml version="1.0" encoding="UTF-8"?>
<testsuite errors="0" failures="11" skipped="0" name="Check the tag admin module" tests="62" time="4.682783">
    <testcase classname="Check the tag admin module" name="Check tag admin pages when not connected" time="0.311997" assertions="3">
    </testcase>
    <testcase classname="Check the tag admin module" name="Check category admin pages when connected" time="0.335600" assertions="2">
        <failure message="Form field with id|name|label|value &quot;_username&quot; not found." type="failed"><![CDATA[
Form field with id|name|label|value "_username" not found.

+--[ HTTP/1.1 500 | http://demo.sonata-project.org/login | GoutteDriver ]
|
|  <!DOCTYPE html>
|  <html>
|      <head>
|          <meta http-equiv="Content-Type" content="text/html; charset=utf-8" />
|  
|                      <link rel="stylesheet" href="/bundles/sonataadmin/bootstrap/css/bootstrap.css" type="text/css" media="all" >
|              <link rel="stylesheet" href="/bundles/sonatapage/default.css" type="text/css" media="all" >
|          
|          <title>Sonata Project - Internal Error</title>
|      </head>
|  
|      <body class="sonata-bc">
|          <div class="container">
|              <div class="content">
|                  <div class="page-header">
|                      <h1>Sonata Project - Internal Error</h1>
|                  </div>
|  
|                  <div class="row">
|                          No site available for the current request with uri http://demo.sonata-project.org/login
|                  </div>
|              </div>
|          </div>
|     </body>
|  
]]></failure>
    </testcase>
    <testcase classname="Check the tag admin module" name="Add a new tag with some errors" time="0.373936" assertions="3">
        <failure message="Form field with id|name|label|value &quot;_username&quot; not found." type="failed"><![CDATA[
Form field with id|name|label|value "_username" not found.

+--[ HTTP/1.1 500 | http://demo.sonata-project.org/login | GoutteDriver ]
|
|  <!DOCTYPE html>
|  <html>
|      <head>
|          <meta http-equiv="Content-Type" content="text/html; charset=utf-8" />
|  
|                      <link rel="stylesheet" href="/bundles/sonataadmin/bootstrap/css/bootstrap.css" type="text/css" media="all" >
|              <link rel="stylesheet" href="/bundles/sonatapage/default.css" type="text/css" media="all" >
|          
|          <title>Sonata Project - Internal Error</title>
|      </head>
|  
|      <body class="sonata-bc">
|          <div class="container">
|              <div class="content">
|                  <div class="page-header">
|                      <h1>Sonata Project - Internal Error</h1>
|                  </div>
|  
|                  <div class="row">
|                          No site available for the current request with uri http://demo.sonata-project.org/login
|                  </div>
|              </div>
|          </div>
|     </body>
|  
]]></failure>
    </testcase>
    <testcase classname="Check the tag admin module" name="Add a new tag" time="0.361369" assertions="4">
        <failure message="Form field with id|name|label|value &quot;_username&quot; not found." type="failed"><![CDATA[
Form field with id|name|label|value "_username" not found.

+--[ HTTP/1.1 500 | http://demo.sonata-project.org/login | GoutteDriver ]
|
|  <!DOCTYPE html>
|  <html>
|      <head>
|          <meta http-equiv="Content-Type" content="text/html; charset=utf-8" />
|  
|                      <link rel="stylesheet" href="/bundles/sonataadmin/bootstrap/css/bootstrap.css" type="text/css" media="all" >
|              <link rel="stylesheet" href="/bundles/sonatapage/default.css" type="text/css" media="all" >
|          
|          <title>Sonata Project - Internal Error</title>
|      </head>
|  
|      <body class="sonata-bc">
|          <div class="container">
|              <div class="content">
|                  <div class="page-header">
|                      <h1>Sonata Project - Internal Error</h1>
|                  </div>
|  
|                  <div class="row">
|                          No site available for the current request with uri http://demo.sonata-project.org/login
|                  </div>
|              </div>
|          </div>
|     </body>
|  
]]></failure>
    </testcase>
    <testcase classname="Check the tag admin module" name="Filter tags" time="0.379522" assertions="4">
        <failure message="Form field with id|name|label|value &quot;_username&quot; not found." type="failed"><![CDATA[
Form field with id|name|label|value "_username" not found.

+--[ HTTP/1.1 500 | http://demo.sonata-project.org/login | GoutteDriver ]
|
|  <!DOCTYPE html>
|  <html>
|      <head>
|          <meta http-equiv="Content-Type" content="text/html; charset=utf-8" />
|  
|                      <link rel="stylesheet" href="/bundles/sonataadmin/bootstrap/css/bootstrap.css" type="text/css" media="all" >
|              <link rel="stylesheet" href="/bundles/sonatapage/default.css" type="text/css" media="all" >
|          
|          <title>Sonata Project - Internal Error</title>
|      </head>
|  
|      <body class="sonata-bc">
|          <div class="container">
|              <div class="content">
|                  <div class="page-header">
|                      <h1>Sonata Project - Internal Error</h1>
|                  </div>
|  
|                  <div class="row">
|                          No site available for the current request with uri http://demo.sonata-project.org/login
|                  </div>
|              </div>
|          </div>
|     </body>
|  
]]></failure>
    </testcase>
    <testcase classname="Check the tag admin module" name="Edit a tag" time="0.368883" assertions="4">
        <failure message="Form field with id|name|label|value &quot;_username&quot; not found." type="failed"><![CDATA[
Form field with id|name|label|value "_username" not found.

+--[ HTTP/1.1 500 | http://demo.sonata-project.org/login | GoutteDriver ]
|
|  <!DOCTYPE html>
|  <html>
|      <head>
|          <meta http-equiv="Content-Type" content="text/html; charset=utf-8" />
|  
|                      <link rel="stylesheet" href="/bundles/sonataadmin/bootstrap/css/bootstrap.css" type="text/css" media="all" >
|              <link rel="stylesheet" href="/bundles/sonatapage/default.css" type="text/css" media="all" >
|          
|          <title>Sonata Project - Internal Error</title>
|      </head>
|  
|      <body class="sonata-bc">
|          <div class="container">
|              <div class="content">
|                  <div class="page-header">
|                      <h1>Sonata Project - Internal Error</h1>
|                  </div>
|  
|                  <div class="row">
|                          No site available for the current request with uri http://demo.sonata-project.org/login
|                  </div>
|              </div>
|          </div>
|     </body>
|  
]]></failure>
    </testcase>
    <testcase classname="Check the tag admin module" name="View revisions of a tag" time="0.472045" assertions="4">
        <failure message="Form field with id|name|label|value &quot;_username&quot; not found." type="failed"><![CDATA[
Form field with id|name|label|value "_username" not found.

+--[ HTTP/1.1 500 | http://demo.sonata-project.org/login | GoutteDriver ]
|
|  <!DOCTYPE html>
|  <html>
|      <head>
|          <meta http-equiv="Content-Type" content="text/html; charset=utf-8" />
|  
|                      <link rel="stylesheet" href="/bundles/sonataadmin/bootstrap/css/bootstrap.css" type="text/css" media="all" >
|              <link rel="stylesheet" href="/bundles/sonatapage/default.css" type="text/css" media="all" >
|          
|          <title>Sonata Project - Internal Error</title>
|      </head>
|  
|      <body class="sonata-bc">
|          <div class="container">
|              <div class="content">
|                  <div class="page-header">
|                      <h1>Sonata Project - Internal Error</h1>
|                  </div>
|  
|                  <div class="row">
|                          No site available for the current request with uri http://demo.sonata-project.org/login
|                  </div>
|              </div>
|          </div>
|     </body>
|  
]]></failure>
    </testcase>
    <testcase classname="Check the tag admin module" name="Export JSON data" time="0.443784" assertions="3">
        <failure message="Form field with id|name|label|value &quot;_username&quot; not found." type="failed"><![CDATA[
Form field with id|name|label|value "_username" not found.

+--[ HTTP/1.1 500 | http://demo.sonata-project.org/login | GoutteDriver ]
|
|  <!DOCTYPE html>
|  <html>
|      <head>
|          <meta http-equiv="Content-Type" content="text/html; charset=utf-8" />
|  
|                      <link rel="stylesheet" href="/bundles/sonataadmin/bootstrap/css/bootstrap.css" type="text/css" media="all" >
|              <link rel="stylesheet" href="/bundles/sonatapage/default.css" type="text/css" media="all" >
|          
|          <title>Sonata Project - Internal Error</title>
|      </head>
|  
|      <body class="sonata-bc">
|          <div class="container">
|              <div class="content">
|                  <div class="page-header">
|                      <h1>Sonata Project - Internal Error</h1>
|                  </div>
|  
|                  <div class="row">
|                          No site available for the current request with uri http://demo.sonata-project.org/login
|                  </div>
|              </div>
|          </div>
|     </body>
|  
]]></failure>
    </testcase>
    <testcase classname="Check the tag admin module" name="Export CSV data" time="0.492360" assertions="3">
        <failure message="Form field with id|name|label|value &quot;_username&quot; not found." type="failed"><![CDATA[
Form field with id|name|label|value "_username" not found.

+--[ HTTP/1.1 500 | http://demo.sonata-project.org/login | GoutteDriver ]
|
|  <!DOCTYPE html>
|  <html>
|      <head>
|          <meta http-equiv="Content-Type" content="text/html; charset=utf-8" />
|  
|                      <link rel="stylesheet" href="/bundles/sonataadmin/bootstrap/css/bootstrap.css" type="text/css" media="all" >
|              <link rel="stylesheet" href="/bundles/sonatapage/default.css" type="text/css" media="all" >
|          
|          <title>Sonata Project - Internal Error</title>
|      </head>
|  
|      <body class="sonata-bc">
|          <div class="container">
|              <div class="content">
|                  <div class="page-header">
|                      <h1>Sonata Project - Internal Error</h1>
|                  </div>
|  
|                  <div class="row">
|                          No site available for the current request with uri http://demo.sonata-project.org/login
|                  </div>
|              </div>
|          </div>
|     </body>
|  
]]></failure>
    </testcase>
    <testcase classname="Check the tag admin module" name="Export XML data" time="0.356632" assertions="3">
        <failure message="Form field with id|name|label|value &quot;_username&quot; not found." type="failed"><![CDATA[
Form field with id|name|label|value "_username" not found.

+--[ HTTP/1.1 500 | http://demo.sonata-project.org/login | GoutteDriver ]
|
|  <!DOCTYPE html>
|  <html>
|      <head>
|          <meta http-equiv="Content-Type" content="text/html; charset=utf-8" />
|  
|                      <link rel="stylesheet" href="/bundles/sonataadmin/bootstrap/css/bootstrap.css" type="text/css" media="all" >
|              <link rel="stylesheet" href="/bundles/sonatapage/default.css" type="text/css" media="all" >
|          
|          <title>Sonata Project - Internal Error</title>
|      </head>
|  
|      <body class="sonata-bc">
|          <div class="container">
|              <div class="content">
|                  <div class="page-header">
|                      <h1>Sonata Project - Internal Error</h1>
|                  </div>
|  
|                  <div class="row">
|                          No site available for the current request with uri http://demo.sonata-project.org/login
|                  </div>
|              </div>
|          </div>
|     </body>
|  
]]></failure>
    </testcase>
    <testcase classname="Check the tag admin module" name="Export XLS data" time="0.342768" assertions="3">
        <failure message="Form field with id|name|label|value &quot;_username&quot; not found." type="failed"><![CDATA[
Form field with id|name|label|value "_username" not found.

+--[ HTTP/1.1 500 | http://demo.sonata-project.org/login | GoutteDriver ]
|
|  <!DOCTYPE html>
|  <html>
|      <head>
|          <meta http-equiv="Content-Type" content="text/html; charset=utf-8" />
|  
|                      <link rel="stylesheet" href="/bundles/sonataadmin/bootstrap/css/bootstrap.css" type="text/css" media="all" >
|              <link rel="stylesheet" href="/bundles/sonatapage/default.css" type="text/css" media="all" >
|          
|          <title>Sonata Project - Internal Error</title>
|      </head>
|  
|      <body class="sonata-bc">
|          <div class="container">
|              <div class="content">
|                  <div class="page-header">
|                      <h1>Sonata Project - Internal Error</h1>
|                  </div>
|  
|                  <div class="row">
|                          No site available for the current request with uri http://demo.sonata-project.org/login
|                  </div>
|              </div>
|          </div>
|     </body>
|  
]]></failure>
    </testcase>
    <testcase classname="Check the tag admin module" name="Delete a tag" time="0.435121" assertions="7">
        <failure message="Form field with id|name|label|value &quot;_username&quot; not found." type="failed"><![CDATA[
Form field with id|name|label|value "_username" not found.

+--[ HTTP/1.1 500 | http://demo.sonata-project.org/login | GoutteDriver ]
|
|  <!DOCTYPE html>
|  <html>
|      <head>
|          <meta http-equiv="Content-Type" content="text/html; charset=utf-8" />
|  
|                      <link rel="stylesheet" href="/bundles/sonataadmin/bootstrap/css/bootstrap.css" type="text/css" media="all" >
|              <link rel="stylesheet" href="/bundles/sonatapage/default.css" type="text/css" media="all" >
|          
|          <title>Sonata Project - Internal Error</title>
|      </head>
|  
|      <body class="sonata-bc">
|          <div class="container">
|              <div class="content">
|                  <div class="page-header">
|                      <h1>Sonata Project - Internal Error</h1>
|                  </div>
|  
|                  <div class="row">
|                          No site available for the current request with uri http://demo.sonata-project.org/login
|                  </div>
|              </div>
|          </div>
|     </body>
|  
]]></failure>
    </testcase>
</testsuite>
