<?xml version="1.0" encoding="UTF-8"?>
<testsuite errors="0" failures="1" skipped="0" name="Check the Comment controller calls for NewsBundle" tests="21" time="32.762967">
    <testcase classname="Check the Comment controller calls for NewsBundle" name="Retrieves the comments of specified post, Ex #1" time="0.754150" assertions="32">
    </testcase>
    <testcase classname="Check the Comment controller calls for NewsBundle" name="Retrieves the comments of specified post, Ex #2" time="0.337422" assertions="38">
    </testcase>
    <testcase classname="Check the Comment controller calls for NewsBundle" name="Retrieves the comments of specified post, Ex #3" time="0.334797" assertions="44">
    </testcase>
    <testcase classname="Check the Comment controller calls for NewsBundle" name="Retrieves the comments of specified post, Ex #4" time="0.260570" assertions="50">
    </testcase>
    <testcase classname="Check the Comment controller calls for NewsBundle" name="Retrieves the comments of specified post which does not exists" time="4.902086" assertions="4">
    </testcase>
    <testcase classname="Check the Comment controller calls for NewsBundle" name="Retrieves a specific comment, Ex #1" time="4.701253" assertions="12">
    </testcase>
    <testcase classname="Check the Comment controller calls for NewsBundle" name="Retrieves a specific comment, Ex #2" time="1.352573" assertions="20">
    </testcase>
    <testcase classname="Check the Comment controller calls for NewsBundle" name="Adds a comment to a post, Ex #1" time="1.264199" assertions="26">
    </testcase>
    <testcase classname="Check the Comment controller calls for NewsBundle" name="Adds a comment to a post, Ex #2" time="1.561253" assertions="32">
    </testcase>
    <testcase classname="Check the Comment controller calls for NewsBundle" name="Adds a comment to a post, Ex #3" time="1.305802" assertions="38">
    </testcase>
    <testcase classname="Check the Comment controller calls for NewsBundle" name="I can't add a comment on a missing post" time="0.810086" assertions="6">
    </testcase>
    <testcase classname="Check the Comment controller calls for NewsBundle" name="I can't add a comment on a post with commenting disabled" time="0.645622" assertions="6">
        <failure message="Failed asserting that '&lt;?xml version=&quot;1.0&quot; encoding=&quot;UTF-8&quot;?&gt;
&lt;result&gt;
  &lt;code&gt;403&lt;/code&gt;
  &lt;message&gt;&lt;![CDATA[Forbidden]]&gt;&lt;/message&gt;
&lt;/result&gt;
' matches PCRE pattern &quot;/not commentable/&quot;." type="failed"><![CDATA[
exception 'PHPUnit_Framework_ExpectationFailedException' with message 'Failed asserting that '<?xml version="1.0" encoding="UTF-8"?>
<result>
  <code>403</code>
  <message>Forbidden</message>
</result>
' matches PCRE pattern "/not commentable/".' in /Users/ronan/Sites/sandbox/vendor/phpunit/phpunit/PHPUnit/Framework/Constraint.php:144
Stack trace:
#0 /Users/ronan/Sites/sandbox/vendor/phpunit/phpunit/PHPUnit/Framework/Constraint.php(91): PHPUnit_Framework_Constraint->fail('<?xml version="...', '')
#1 /Users/ronan/Sites/sandbox/vendor/phpunit/phpunit/PHPUnit/Framework/Assert.php(2134): PHPUnit_Framework_Constraint->evaluate('<?xml version="...', '')
#2 /Users/ronan/Sites/sandbox/vendor/phpunit/phpunit/PHPUnit/Framework/Assert.php(1348): PHPUnit_Framework_Assert::assertThat('<?xml version="...', Object(PHPUnit_Framework_Constraint_PCREMatch), '')
#3 [internal function]: PHPUnit_Framework_Assert::assertRegExp('/not commentabl...', '<?xml version="...')
#4 /Users/ronan/Sites/sandbox/vendor/phpunit/phpunit/PHPUnit/Framework/Assert/Functions.php(1206): call_user_func_array('PHPUnit_Framewo...', Array)
#5 /Users/ronan/Sites/sandbox/vendor/behat/common-contexts/Behat/CommonContexts/WebApiContext.php(165): assertRegExp('/not commentabl...', '<?xml version="...')
#6 [internal function]: Behat\CommonContexts\WebApiContext->theResponseShouldContain('not commentable')
#7 /Users/ronan/Sites/sandbox/vendor/behat/behat/src/Behat/Behat/Definition/Annotation/Definition.php(155): call_user_func_array(Array, Array)
#8 /Users/ronan/Sites/sandbox/vendor/behat/behat/src/Behat/Behat/Tester/StepTester.php(157): Behat\Behat\Definition\Annotation\Definition->run(Object(FeatureContext))
#9 /Users/ronan/Sites/sandbox/vendor/behat/behat/src/Behat/Behat/Tester/StepTester.php(126): Behat\Behat\Tester\StepTester->executeStepDefinition(Object(Behat\Gherkin\Node\StepNode), Object(Behat\Behat\Definition\Annotation\Then))
#10 /Users/ronan/Sites/sandbox/vendor/behat/behat/src/Behat/Behat/Tester/StepTester.php(95): Behat\Behat\Tester\StepTester->executeStep(Object(Behat\Gherkin\Node\StepNode))
#11 /Users/ronan/Sites/sandbox/vendor/behat/gherkin/src/Behat/Gherkin/Node/AbstractNode.php(42): Behat\Behat\Tester\StepTester->visit(Object(Behat\Gherkin\Node\StepNode))
#12 /Users/ronan/Sites/sandbox/vendor/behat/behat/src/Behat/Behat/Tester/ScenarioTester.php(148): Behat\Gherkin\Node\AbstractNode->accept(Object(Behat\Behat\Tester\StepTester))
#13 /Users/ronan/Sites/sandbox/vendor/behat/behat/src/Behat/Behat/Tester/ScenarioTester.php(87): Behat\Behat\Tester\ScenarioTester->visitStep(Object(Behat\Gherkin\Node\StepNode), Object(Behat\Gherkin\Node\ScenarioNode), Object(FeatureContext), Array, false)
#14 /Users/ronan/Sites/sandbox/vendor/behat/gherkin/src/Behat/Gherkin/Node/AbstractNode.php(42): Behat\Behat\Tester\ScenarioTester->visit(Object(Behat\Gherkin\Node\ScenarioNode))
#15 /Users/ronan/Sites/sandbox/vendor/behat/behat/src/Behat/Behat/Tester/FeatureTester.php(88): Behat\Gherkin\Node\AbstractNode->accept(Object(Behat\Behat\Tester\ScenarioTester))
#16 /Users/ronan/Sites/sandbox/vendor/behat/gherkin/src/Behat/Gherkin/Node/AbstractNode.php(42): Behat\Behat\Tester\FeatureTester->visit(Object(Behat\Gherkin\Node\FeatureNode))
#17 /Users/ronan/Sites/sandbox/vendor/behat/behat/src/Behat/Behat/Console/Command/BehatCommand.php(150): Behat\Gherkin\Node\AbstractNode->accept(Object(Behat\Behat\Tester\FeatureTester))
#18 /Users/ronan/Sites/sandbox/vendor/behat/behat/src/Behat/Behat/Console/Command/BehatCommand.php(128): Behat\Behat\Console\Command\BehatCommand->runFeatures(Object(Behat\Gherkin\Gherkin))
#19 /Users/ronan/Sites/sandbox/vendor/symfony/symfony/src/Symfony/Component/Console/Command/Command.php(244): Behat\Behat\Console\Command\BehatCommand->execute(Object(Symfony\Component\Console\Input\ArgvInput), Object(Symfony\Component\Console\Output\ConsoleOutput))
#20 /Users/ronan/Sites/sandbox/vendor/symfony/symfony/src/Symfony/Component/Console/Application.php(891): Symfony\Component\Console\Command\Command->run(Object(Symfony\Component\Console\Input\ArgvInput), Object(Symfony\Component\Console\Output\ConsoleOutput))
#21 /Users/ronan/Sites/sandbox/vendor/symfony/symfony/src/Symfony/Component/Console/Application.php(191): Symfony\Component\Console\Application->doRunCommand(Object(Behat\Behat\Console\Command\BehatCommand), Object(Symfony\Component\Console\Input\ArgvInput), Object(Symfony\Component\Console\Output\ConsoleOutput))
#22 /Users/ronan/Sites/sandbox/vendor/behat/behat/src/Behat/Behat/Console/BehatApplication.php(68): Symfony\Component\Console\Application->doRun(Object(Symfony\Component\Console\Input\ArgvInput), Object(Symfony\Component\Console\Output\ConsoleOutput))
#23 /Users/ronan/Sites/sandbox/vendor/symfony/symfony/src/Symfony/Component/Console/Application.php(121): Behat\Behat\Console\BehatApplication->doRun(Object(Symfony\Component\Console\Input\ArgvInput), Object(Symfony\Component\Console\Output\ConsoleOutput))
#24 /Users/ronan/Sites/sandbox/vendor/behat/behat/bin/behat(32): Symfony\Component\Console\Application->run()
#25 {main}
]]></failure>
    </testcase>
    <testcase classname="Check the Comment controller calls for NewsBundle" name="I can't add a comment with invalid values, Ex #1" time="0.701908" assertions="13">
    </testcase>
    <testcase classname="Check the Comment controller calls for NewsBundle" name="I can't add a comment with invalid values, Ex #2" time="0.836538" assertions="20">
    </testcase>
    <testcase classname="Check the Comment controller calls for NewsBundle" name="I can't add a comment with invalid values, Ex #3" time="0.849872" assertions="27">
    </testcase>
    <testcase classname="Check the Comment controller calls for NewsBundle" name="I can't add a comment with invalid values, Ex #4" time="0.652779" assertions="34">
    </testcase>
    <testcase classname="Check the Comment controller calls for NewsBundle" name="Updates a comment, Ex #1" time="1.022863" assertions="44">
    </testcase>
    <testcase classname="Check the Comment controller calls for NewsBundle" name="Updates a comment, Ex #2" time="1.139413" assertions="54">
    </testcase>
    <testcase classname="Check the Comment controller calls for NewsBundle" name="I can't update a comment with invalid values, Ex #1" time="0.959959" assertions="62">
    </testcase>
    <testcase classname="Check the Comment controller calls for NewsBundle" name="I can't update a comment with invalid values, Ex #2" time="1.934627" assertions="70">
    </testcase>
    <testcase classname="Check the Comment controller calls for NewsBundle" name="I can't update a comment with invalid values, Ex #3" time="1.204179" assertions="78">
    </testcase>
    <testcase classname="Check the Comment controller calls for NewsBundle" name="I can't update a comment with invalid values, Ex #4" time="1.124364" assertions="86">
    </testcase>
    <testcase classname="Check the Comment controller calls for NewsBundle" name="I can't update a comment that does not exists, Ex #1" time="0.772939" assertions="91">
    </testcase>
    <testcase classname="Check the Comment controller calls for NewsBundle" name="Deletes a comment, Ex #1" time="1.189692" assertions="98">
    </testcase>
    <testcase classname="Check the Comment controller calls for NewsBundle" name="Deletes a comment, Ex #2" time="1.128221" assertions="105">
    </testcase>
    <testcase classname="Check the Comment controller calls for NewsBundle" name="Deletes a comment, Ex #3" time="1.000779" assertions="112">
    </testcase>
</testsuite>
