<?xml version="1.0" encoding="UTF-8"?>
<testsuite errors="0" failures="11" skipped="0" name="Check the comment admin module" tests="12" time="6.494891">
    <testcase classname="Check the comment admin module" name="Check comment admin pages when not connected" time="1.777915" assertions="3">
    </testcase>
    <testcase classname="Check the comment admin module" name="Check comment admin pages when connected" time="0.438148" assertions="2">
        <failure message="Form field with id|name|label|value &quot;_username&quot; not found." type="failed"><![CDATA[
Form field with id|name|label|value "_username" not found.

+--[ HTTP/1.1 500 | http://demo.sonata-project.org/login | GoutteDriver ]
|
|  <!DOCTYPE html>
|  <html>
|      <head>
|          <meta http-equiv="Content-Type" content="text/html; charset=utf-8" />
|  
|                      <link rel="stylesheet" href="/bundles/sonataadmin/bootstrap/css/bootstrap.css" type="text/css" media="all" >
|              <link rel="stylesheet" href="/bundles/sonatapage/default.css" type="text/css" media="all" >
|          
|          <title>Sonata Project - Internal Error</title>
|      </head>
|  
|      <body class="sonata-bc">
|          <div class="container">
|              <div class="content">
|                  <div class="page-header">
|                      <h1>Sonata Project - Internal Error</h1>
|                  </div>
|  
|                  <div class="row">
|                          No site available for the current request with uri http://demo.sonata-project.org/login
|                  </div>
|              </div>
|          </div>
|     </body>
|  
]]></failure>
    </testcase>
    <testcase classname="Check the comment admin module" name="Add a new comment with some errors" time="0.417719" assertions="3">
        <failure message="Form field with id|name|label|value &quot;_username&quot; not found." type="failed"><![CDATA[
Form field with id|name|label|value "_username" not found.

+--[ HTTP/1.1 500 | http://demo.sonata-project.org/login | GoutteDriver ]
|
|  <!DOCTYPE html>
|  <html>
|      <head>
|          <meta http-equiv="Content-Type" content="text/html; charset=utf-8" />
|  
|                      <link rel="stylesheet" href="/bundles/sonataadmin/bootstrap/css/bootstrap.css" type="text/css" media="all" >
|              <link rel="stylesheet" href="/bundles/sonatapage/default.css" type="text/css" media="all" >
|          
|          <title>Sonata Project - Internal Error</title>
|      </head>
|  
|      <body class="sonata-bc">
|          <div class="container">
|              <div class="content">
|                  <div class="page-header">
|                      <h1>Sonata Project - Internal Error</h1>
|                  </div>
|  
|                  <div class="row">
|                          No site available for the current request with uri http://demo.sonata-project.org/login
|                  </div>
|              </div>
|          </div>
|     </body>
|  
]]></failure>
    </testcase>
    <testcase classname="Check the comment admin module" name="Add a new comment" time="0.358121" assertions="7">
        <failure message="Form field with id|name|label|value &quot;_username&quot; not found." type="failed"><![CDATA[
Form field with id|name|label|value "_username" not found.

+--[ HTTP/1.1 500 | http://demo.sonata-project.org/login | GoutteDriver ]
|
|  <!DOCTYPE html>
|  <html>
|      <head>
|          <meta http-equiv="Content-Type" content="text/html; charset=utf-8" />
|  
|                      <link rel="stylesheet" href="/bundles/sonataadmin/bootstrap/css/bootstrap.css" type="text/css" media="all" >
|              <link rel="stylesheet" href="/bundles/sonatapage/default.css" type="text/css" media="all" >
|          
|          <title>Sonata Project - Internal Error</title>
|      </head>
|  
|      <body class="sonata-bc">
|          <div class="container">
|              <div class="content">
|                  <div class="page-header">
|                      <h1>Sonata Project - Internal Error</h1>
|                  </div>
|  
|                  <div class="row">
|                          No site available for the current request with uri http://demo.sonata-project.org/login
|                  </div>
|              </div>
|          </div>
|     </body>
|  
]]></failure>
    </testcase>
    <testcase classname="Check the comment admin module" name="Export JSON data" time="0.385780" assertions="3">
        <failure message="Form field with id|name|label|value &quot;_username&quot; not found." type="failed"><![CDATA[
Form field with id|name|label|value "_username" not found.

+--[ HTTP/1.1 500 | http://demo.sonata-project.org/login | GoutteDriver ]
|
|  <!DOCTYPE html>
|  <html>
|      <head>
|          <meta http-equiv="Content-Type" content="text/html; charset=utf-8" />
|  
|                      <link rel="stylesheet" href="/bundles/sonataadmin/bootstrap/css/bootstrap.css" type="text/css" media="all" >
|              <link rel="stylesheet" href="/bundles/sonatapage/default.css" type="text/css" media="all" >
|          
|          <title>Sonata Project - Internal Error</title>
|      </head>
|  
|      <body class="sonata-bc">
|          <div class="container">
|              <div class="content">
|                  <div class="page-header">
|                      <h1>Sonata Project - Internal Error</h1>
|                  </div>
|  
|                  <div class="row">
|                          No site available for the current request with uri http://demo.sonata-project.org/login
|                  </div>
|              </div>
|          </div>
|     </body>
|  
]]></failure>
    </testcase>
    <testcase classname="Check the comment admin module" name="Export CSV data" time="0.508150" assertions="3">
        <failure message="Form field with id|name|label|value &quot;_username&quot; not found." type="failed"><![CDATA[
Form field with id|name|label|value "_username" not found.

+--[ HTTP/1.1 500 | http://demo.sonata-project.org/login | GoutteDriver ]
|
|  <!DOCTYPE html>
|  <html>
|      <head>
|          <meta http-equiv="Content-Type" content="text/html; charset=utf-8" />
|  
|                      <link rel="stylesheet" href="/bundles/sonataadmin/bootstrap/css/bootstrap.css" type="text/css" media="all" >
|              <link rel="stylesheet" href="/bundles/sonatapage/default.css" type="text/css" media="all" >
|          
|          <title>Sonata Project - Internal Error</title>
|      </head>
|  
|      <body class="sonata-bc">
|          <div class="container">
|              <div class="content">
|                  <div class="page-header">
|                      <h1>Sonata Project - Internal Error</h1>
|                  </div>
|  
|                  <div class="row">
|                          No site available for the current request with uri http://demo.sonata-project.org/login
|                  </div>
|              </div>
|          </div>
|     </body>
|  
]]></failure>
    </testcase>
    <testcase classname="Check the comment admin module" name="Export XML data" time="0.637068" assertions="3">
        <failure message="Form field with id|name|label|value &quot;_username&quot; not found." type="failed"><![CDATA[
Form field with id|name|label|value "_username" not found.

+--[ HTTP/1.1 500 | http://demo.sonata-project.org/login | GoutteDriver ]
|
|  <!DOCTYPE html>
|  <html>
|      <head>
|          <meta http-equiv="Content-Type" content="text/html; charset=utf-8" />
|  
|                      <link rel="stylesheet" href="/bundles/sonataadmin/bootstrap/css/bootstrap.css" type="text/css" media="all" >
|              <link rel="stylesheet" href="/bundles/sonatapage/default.css" type="text/css" media="all" >
|          
|          <title>Sonata Project - Internal Error</title>
|      </head>
|  
|      <body class="sonata-bc">
|          <div class="container">
|              <div class="content">
|                  <div class="page-header">
|                      <h1>Sonata Project - Internal Error</h1>
|                  </div>
|  
|                  <div class="row">
|                          No site available for the current request with uri http://demo.sonata-project.org/login
|                  </div>
|              </div>
|          </div>
|     </body>
|  
]]></failure>
    </testcase>
    <testcase classname="Check the comment admin module" name="Export XLS data" time="0.462746" assertions="3">
        <failure message="Form field with id|name|label|value &quot;_username&quot; not found." type="failed"><![CDATA[
Form field with id|name|label|value "_username" not found.

+--[ HTTP/1.1 500 | http://demo.sonata-project.org/login | GoutteDriver ]
|
|  <!DOCTYPE html>
|  <html>
|      <head>
|          <meta http-equiv="Content-Type" content="text/html; charset=utf-8" />
|  
|                      <link rel="stylesheet" href="/bundles/sonataadmin/bootstrap/css/bootstrap.css" type="text/css" media="all" >
|              <link rel="stylesheet" href="/bundles/sonatapage/default.css" type="text/css" media="all" >
|          
|          <title>Sonata Project - Internal Error</title>
|      </head>
|  
|      <body class="sonata-bc">
|          <div class="container">
|              <div class="content">
|                  <div class="page-header">
|                      <h1>Sonata Project - Internal Error</h1>
|                  </div>
|  
|                  <div class="row">
|                          No site available for the current request with uri http://demo.sonata-project.org/login
|                  </div>
|              </div>
|          </div>
|     </body>
|  
]]></failure>
    </testcase>
    <testcase classname="Check the comment admin module" name="Filter comments" time="0.358071" assertions="4">
        <failure message="Form field with id|name|label|value &quot;_username&quot; not found." type="failed"><![CDATA[
Form field with id|name|label|value "_username" not found.

+--[ HTTP/1.1 500 | http://demo.sonata-project.org/login | GoutteDriver ]
|
|  <!DOCTYPE html>
|  <html>
|      <head>
|          <meta http-equiv="Content-Type" content="text/html; charset=utf-8" />
|  
|                      <link rel="stylesheet" href="/bundles/sonataadmin/bootstrap/css/bootstrap.css" type="text/css" media="all" >
|              <link rel="stylesheet" href="/bundles/sonatapage/default.css" type="text/css" media="all" >
|          
|          <title>Sonata Project - Internal Error</title>
|      </head>
|  
|      <body class="sonata-bc">
|          <div class="container">
|              <div class="content">
|                  <div class="page-header">
|                      <h1>Sonata Project - Internal Error</h1>
|                  </div>
|  
|                  <div class="row">
|                          No site available for the current request with uri http://demo.sonata-project.org/login
|                  </div>
|              </div>
|          </div>
|     </body>
|  
]]></failure>
    </testcase>
    <testcase classname="Check the comment admin module" name="Edit a comment" time="0.373326" assertions="6">
        <failure message="Form field with id|name|label|value &quot;_username&quot; not found." type="failed"><![CDATA[
Form field with id|name|label|value "_username" not found.

+--[ HTTP/1.1 500 | http://demo.sonata-project.org/login | GoutteDriver ]
|
|  <!DOCTYPE html>
|  <html>
|      <head>
|          <meta http-equiv="Content-Type" content="text/html; charset=utf-8" />
|  
|                      <link rel="stylesheet" href="/bundles/sonataadmin/bootstrap/css/bootstrap.css" type="text/css" media="all" >
|              <link rel="stylesheet" href="/bundles/sonatapage/default.css" type="text/css" media="all" >
|          
|          <title>Sonata Project - Internal Error</title>
|      </head>
|  
|      <body class="sonata-bc">
|          <div class="container">
|              <div class="content">
|                  <div class="page-header">
|                      <h1>Sonata Project - Internal Error</h1>
|                  </div>
|  
|                  <div class="row">
|                          No site available for the current request with uri http://demo.sonata-project.org/login
|                  </div>
|              </div>
|          </div>
|     </body>
|  
]]></failure>
    </testcase>
    <testcase classname="Check the comment admin module" name="View history of a comment" time="0.378229" assertions="6">
        <failure message="Form field with id|name|label|value &quot;_username&quot; not found." type="failed"><![CDATA[
Form field with id|name|label|value "_username" not found.

+--[ HTTP/1.1 500 | http://demo.sonata-project.org/login | GoutteDriver ]
|
|  <!DOCTYPE html>
|  <html>
|      <head>
|          <meta http-equiv="Content-Type" content="text/html; charset=utf-8" />
|  
|                      <link rel="stylesheet" href="/bundles/sonataadmin/bootstrap/css/bootstrap.css" type="text/css" media="all" >
|              <link rel="stylesheet" href="/bundles/sonatapage/default.css" type="text/css" media="all" >
|          
|          <title>Sonata Project - Internal Error</title>
|      </head>
|  
|      <body class="sonata-bc">
|          <div class="container">
|              <div class="content">
|                  <div class="page-header">
|                      <h1>Sonata Project - Internal Error</h1>
|                  </div>
|  
|                  <div class="row">
|                          No site available for the current request with uri http://demo.sonata-project.org/login
|                  </div>
|              </div>
|          </div>
|     </body>
|  
]]></failure>
    </testcase>
    <testcase classname="Check the comment admin module" name="Delete a comment" time="0.386729" assertions="7">
        <failure message="Form field with id|name|label|value &quot;_username&quot; not found." type="failed"><![CDATA[
Form field with id|name|label|value "_username" not found.

+--[ HTTP/1.1 500 | http://demo.sonata-project.org/login | GoutteDriver ]
|
|  <!DOCTYPE html>
|  <html>
|      <head>
|          <meta http-equiv="Content-Type" content="text/html; charset=utf-8" />
|  
|                      <link rel="stylesheet" href="/bundles/sonataadmin/bootstrap/css/bootstrap.css" type="text/css" media="all" >
|              <link rel="stylesheet" href="/bundles/sonatapage/default.css" type="text/css" media="all" >
|          
|          <title>Sonata Project - Internal Error</title>
|      </head>
|  
|      <body class="sonata-bc">
|          <div class="container">
|              <div class="content">
|                  <div class="page-header">
|                      <h1>Sonata Project - Internal Error</h1>
|                  </div>
|  
|                  <div class="row">
|                          No site available for the current request with uri http://demo.sonata-project.org/login
|                  </div>
|              </div>
|          </div>
|     </body>
|  
]]></failure>
    </testcase>
</testsuite>
