<?xml version="1.0" encoding="UTF-8"?>
<testsuite errors="0" failures="12" skipped="0" name="Check the page admin module" tests="106" time="12.660235">
    <testcase classname="Check the page admin module" name="Check page admin pages when not connected" time="0.890928" assertions="3">
    </testcase>
    <testcase classname="Check the page admin module" name="Check page admin pages when connected" time="1.311703" assertions="2">
        <failure message="Form field with id|name|label|value &quot;_username&quot; not found." type="failed"><![CDATA[
Form field with id|name|label|value "_username" not found.

+--[ HTTP/1.1 500 | http://demo.sonata-project.org/login | GoutteDriver ]
|
|  <!DOCTYPE html>
|  <html>
|      <head>
|          <meta http-equiv="Content-Type" content="text/html; charset=utf-8" />
|  
|                      <link rel="stylesheet" href="/bundles/sonataadmin/bootstrap/css/bootstrap.css" type="text/css" media="all" >
|              <link rel="stylesheet" href="/bundles/sonatapage/default.css" type="text/css" media="all" >
|          
|          <title>Sonata Project - Internal Error</title>
|      </head>
|  
|      <body class="sonata-bc">
|          <div class="container">
|              <div class="content">
|                  <div class="page-header">
|                      <h1>Sonata Project - Internal Error</h1>
|                  </div>
|  
|                  <div class="row">
|                          No site available for the current request with uri http://demo.sonata-project.org/login
|                  </div>
|              </div>
|          </div>
|     </body>
|  
]]></failure>
    </testcase>
    <testcase classname="Check the page admin module" name="Add a new page with some errors" time="2.099965" assertions="4">
        <failure message="Form field with id|name|label|value &quot;_username&quot; not found." type="failed"><![CDATA[
Form field with id|name|label|value "_username" not found.

+--[ HTTP/1.1 500 | http://demo.sonata-project.org/login | GoutteDriver ]
|
|  <!DOCTYPE html>
|  <html>
|      <head>
|          <meta http-equiv="Content-Type" content="text/html; charset=utf-8" />
|  
|                      <link rel="stylesheet" href="/bundles/sonataadmin/bootstrap/css/bootstrap.css" type="text/css" media="all" >
|              <link rel="stylesheet" href="/bundles/sonatapage/default.css" type="text/css" media="all" >
|          
|          <title>Sonata Project - Internal Error</title>
|      </head>
|  
|      <body class="sonata-bc">
|          <div class="container">
|              <div class="content">
|                  <div class="page-header">
|                      <h1>Sonata Project - Internal Error</h1>
|                  </div>
|  
|                  <div class="row">
|                          No site available for the current request with uri http://demo.sonata-project.org/login
|                  </div>
|              </div>
|          </div>
|     </body>
|  
]]></failure>
    </testcase>
    <testcase classname="Check the page admin module" name="Add a new page" time="0.700222" assertions="8">
        <failure message="Form field with id|name|label|value &quot;_username&quot; not found." type="failed"><![CDATA[
Form field with id|name|label|value "_username" not found.

+--[ HTTP/1.1 500 | http://demo.sonata-project.org/login | GoutteDriver ]
|
|  <!DOCTYPE html>
|  <html>
|      <head>
|          <meta http-equiv="Content-Type" content="text/html; charset=utf-8" />
|  
|                      <link rel="stylesheet" href="/bundles/sonataadmin/bootstrap/css/bootstrap.css" type="text/css" media="all" >
|              <link rel="stylesheet" href="/bundles/sonatapage/default.css" type="text/css" media="all" >
|          
|          <title>Sonata Project - Internal Error</title>
|      </head>
|  
|      <body class="sonata-bc">
|          <div class="container">
|              <div class="content">
|                  <div class="page-header">
|                      <h1>Sonata Project - Internal Error</h1>
|                  </div>
|  
|                  <div class="row">
|                          No site available for the current request with uri http://demo.sonata-project.org/login
|                  </div>
|              </div>
|          </div>
|     </body>
|  
]]></failure>
    </testcase>
    <testcase classname="Check the page admin module" name="Filter pages" time="0.767464" assertions="4">
        <failure message="Form field with id|name|label|value &quot;_username&quot; not found." type="failed"><![CDATA[
Form field with id|name|label|value "_username" not found.

+--[ HTTP/1.1 500 | http://demo.sonata-project.org/login | GoutteDriver ]
|
|  <!DOCTYPE html>
|  <html>
|      <head>
|          <meta http-equiv="Content-Type" content="text/html; charset=utf-8" />
|  
|                      <link rel="stylesheet" href="/bundles/sonataadmin/bootstrap/css/bootstrap.css" type="text/css" media="all" >
|              <link rel="stylesheet" href="/bundles/sonatapage/default.css" type="text/css" media="all" >
|          
|          <title>Sonata Project - Internal Error</title>
|      </head>
|  
|      <body class="sonata-bc">
|          <div class="container">
|              <div class="content">
|                  <div class="page-header">
|                      <h1>Sonata Project - Internal Error</h1>
|                  </div>
|  
|                  <div class="row">
|                          No site available for the current request with uri http://demo.sonata-project.org/login
|                  </div>
|              </div>
|          </div>
|     </body>
|  
]]></failure>
    </testcase>
    <testcase classname="Check the page admin module" name="Edit a page" time="0.745520" assertions="6">
        <failure message="Form field with id|name|label|value &quot;_username&quot; not found." type="failed"><![CDATA[
Form field with id|name|label|value "_username" not found.

+--[ HTTP/1.1 500 | http://demo.sonata-project.org/login | GoutteDriver ]
|
|  <!DOCTYPE html>
|  <html>
|      <head>
|          <meta http-equiv="Content-Type" content="text/html; charset=utf-8" />
|  
|                      <link rel="stylesheet" href="/bundles/sonataadmin/bootstrap/css/bootstrap.css" type="text/css" media="all" >
|              <link rel="stylesheet" href="/bundles/sonatapage/default.css" type="text/css" media="all" >
|          
|          <title>Sonata Project - Internal Error</title>
|      </head>
|  
|      <body class="sonata-bc">
|          <div class="container">
|              <div class="content">
|                  <div class="page-header">
|                      <h1>Sonata Project - Internal Error</h1>
|                  </div>
|  
|                  <div class="row">
|                          No site available for the current request with uri http://demo.sonata-project.org/login
|                  </div>
|              </div>
|          </div>
|     </body>
|  
]]></failure>
    </testcase>
    <testcase classname="Check the page admin module" name="View revisions of a page" time="0.759227" assertions="6">
        <failure message="Form field with id|name|label|value &quot;_username&quot; not found." type="failed"><![CDATA[
Form field with id|name|label|value "_username" not found.

+--[ HTTP/1.1 500 | http://demo.sonata-project.org/login | GoutteDriver ]
|
|  <!DOCTYPE html>
|  <html>
|      <head>
|          <meta http-equiv="Content-Type" content="text/html; charset=utf-8" />
|  
|                      <link rel="stylesheet" href="/bundles/sonataadmin/bootstrap/css/bootstrap.css" type="text/css" media="all" >
|              <link rel="stylesheet" href="/bundles/sonatapage/default.css" type="text/css" media="all" >
|          
|          <title>Sonata Project - Internal Error</title>
|      </head>
|  
|      <body class="sonata-bc">
|          <div class="container">
|              <div class="content">
|                  <div class="page-header">
|                      <h1>Sonata Project - Internal Error</h1>
|                  </div>
|  
|                  <div class="row">
|                          No site available for the current request with uri http://demo.sonata-project.org/login
|                  </div>
|              </div>
|          </div>
|     </body>
|  
]]></failure>
    </testcase>
    <testcase classname="Check the page admin module" name="View content of a page" time="0.814253" assertions="6">
        <failure message="Form field with id|name|label|value &quot;_username&quot; not found." type="failed"><![CDATA[
Form field with id|name|label|value "_username" not found.

+--[ HTTP/1.1 500 | http://demo.sonata-project.org/login | GoutteDriver ]
|
|  <!DOCTYPE html>
|  <html>
|      <head>
|          <meta http-equiv="Content-Type" content="text/html; charset=utf-8" />
|  
|                      <link rel="stylesheet" href="/bundles/sonataadmin/bootstrap/css/bootstrap.css" type="text/css" media="all" >
|              <link rel="stylesheet" href="/bundles/sonatapage/default.css" type="text/css" media="all" >
|          
|          <title>Sonata Project - Internal Error</title>
|      </head>
|  
|      <body class="sonata-bc">
|          <div class="container">
|              <div class="content">
|                  <div class="page-header">
|                      <h1>Sonata Project - Internal Error</h1>
|                  </div>
|  
|                  <div class="row">
|                          No site available for the current request with uri http://demo.sonata-project.org/login
|                  </div>
|              </div>
|          </div>
|     </body>
|  
]]></failure>
    </testcase>
    <testcase classname="Check the page admin module" name="Delete a page" time="0.527007" assertions="7">
        <failure message="Form field with id|name|label|value &quot;_username&quot; not found." type="failed"><![CDATA[
Form field with id|name|label|value "_username" not found.

+--[ HTTP/1.1 500 | http://demo.sonata-project.org/login | GoutteDriver ]
|
|  <!DOCTYPE html>
|  <html>
|      <head>
|          <meta http-equiv="Content-Type" content="text/html; charset=utf-8" />
|  
|                      <link rel="stylesheet" href="/bundles/sonataadmin/bootstrap/css/bootstrap.css" type="text/css" media="all" >
|              <link rel="stylesheet" href="/bundles/sonatapage/default.css" type="text/css" media="all" >
|          
|          <title>Sonata Project - Internal Error</title>
|      </head>
|  
|      <body class="sonata-bc">
|          <div class="container">
|              <div class="content">
|                  <div class="page-header">
|                      <h1>Sonata Project - Internal Error</h1>
|                  </div>
|  
|                  <div class="row">
|                          No site available for the current request with uri http://demo.sonata-project.org/login
|                  </div>
|              </div>
|          </div>
|     </body>
|  
]]></failure>
    </testcase>
    <testcase classname="Check the page admin module" name="Export JSON data" time="0.591618" assertions="3">
        <failure message="Form field with id|name|label|value &quot;_username&quot; not found." type="failed"><![CDATA[
Form field with id|name|label|value "_username" not found.

+--[ HTTP/1.1 500 | http://demo.sonata-project.org/login | GoutteDriver ]
|
|  <!DOCTYPE html>
|  <html>
|      <head>
|          <meta http-equiv="Content-Type" content="text/html; charset=utf-8" />
|  
|                      <link rel="stylesheet" href="/bundles/sonataadmin/bootstrap/css/bootstrap.css" type="text/css" media="all" >
|              <link rel="stylesheet" href="/bundles/sonatapage/default.css" type="text/css" media="all" >
|          
|          <title>Sonata Project - Internal Error</title>
|      </head>
|  
|      <body class="sonata-bc">
|          <div class="container">
|              <div class="content">
|                  <div class="page-header">
|                      <h1>Sonata Project - Internal Error</h1>
|                  </div>
|  
|                  <div class="row">
|                          No site available for the current request with uri http://demo.sonata-project.org/login
|                  </div>
|              </div>
|          </div>
|     </body>
|  
]]></failure>
    </testcase>
    <testcase classname="Check the page admin module" name="Export CSV data" time="1.019331" assertions="3">
        <failure message="Form field with id|name|label|value &quot;_username&quot; not found." type="failed"><![CDATA[
Form field with id|name|label|value "_username" not found.

+--[ HTTP/1.1 500 | http://demo.sonata-project.org/login | GoutteDriver ]
|
|  <!DOCTYPE html>
|  <html>
|      <head>
|          <meta http-equiv="Content-Type" content="text/html; charset=utf-8" />
|  
|                      <link rel="stylesheet" href="/bundles/sonataadmin/bootstrap/css/bootstrap.css" type="text/css" media="all" >
|              <link rel="stylesheet" href="/bundles/sonatapage/default.css" type="text/css" media="all" >
|          
|          <title>Sonata Project - Internal Error</title>
|      </head>
|  
|      <body class="sonata-bc">
|          <div class="container">
|              <div class="content">
|                  <div class="page-header">
|                      <h1>Sonata Project - Internal Error</h1>
|                  </div>
|  
|                  <div class="row">
|                          No page instance available for the url, run the sonata:page:update-core-routes and sonata:page:create-snapshots commands
|                  </div>
|              </div>
|          </div>
|     </body>
|  
]]></failure>
    </testcase>
    <testcase classname="Check the page admin module" name="Export XML data" time="1.412819" assertions="3">
        <failure message="Form field with id|name|label|value &quot;_username&quot; not found." type="failed"><![CDATA[
Form field with id|name|label|value "_username" not found.

+--[ HTTP/1.1 500 | http://demo.sonata-project.org/login | GoutteDriver ]
|
|  <!DOCTYPE html>
|  <html>
|      <head>
|          <meta http-equiv="Content-Type" content="text/html; charset=utf-8" />
|  
|                      <link rel="stylesheet" href="/bundles/sonataadmin/bootstrap/css/bootstrap.css" type="text/css" media="all" >
|              <link rel="stylesheet" href="/bundles/sonatapage/default.css" type="text/css" media="all" >
|          
|          <title>Sonata Project - Internal Error</title>
|      </head>
|  
|      <body class="sonata-bc">
|          <div class="container">
|              <div class="content">
|                  <div class="page-header">
|                      <h1>Sonata Project - Internal Error</h1>
|                  </div>
|  
|                  <div class="row">
|                          No page instance available for the url, run the sonata:page:update-core-routes and sonata:page:create-snapshots commands
|                  </div>
|              </div>
|          </div>
|     </body>
|  
]]></failure>
    </testcase>
    <testcase classname="Check the page admin module" name="Export XLS data" time="1.010026" assertions="3">
        <failure message="Form field with id|name|label|value &quot;_username&quot; not found." type="failed"><![CDATA[
Form field with id|name|label|value "_username" not found.

+--[ HTTP/1.1 500 | http://demo.sonata-project.org/login | GoutteDriver ]
|
|  <!DOCTYPE html>
|  <html>
|      <head>
|          <meta http-equiv="Content-Type" content="text/html; charset=utf-8" />
|  
|                      <link rel="stylesheet" href="/bundles/sonataadmin/bootstrap/css/bootstrap.css" type="text/css" media="all" >
|              <link rel="stylesheet" href="/bundles/sonatapage/default.css" type="text/css" media="all" >
|          
|          <title>Sonata Project - Internal Error</title>
|      </head>
|  
|      <body class="sonata-bc">
|          <div class="container">
|              <div class="content">
|                  <div class="page-header">
|                      <h1>Sonata Project - Internal Error</h1>
|                  </div>
|  
|                  <div class="row">
|                          No page instance available for the url, run the sonata:page:update-core-routes and sonata:page:create-snapshots commands
|                  </div>
|              </div>
|          </div>
|     </body>
|  
]]></failure>
    </testcase>
</testsuite>
