<?xml version="1.0" encoding="UTF-8"?>
<testsuite errors="0" failures="1" skipped="0" name="Check the API for MediaBundle" tests="18" time="1.806812">
    <testcase classname="Check the API for MediaBundle" name="Get all media" time="0.541409" assertions="6">
    </testcase>
    <testcase classname="Check the API for MediaBundle" name="Post new media (with errors)" time="0.440283" assertions="6">
    </testcase>
    <testcase classname="Check the API for MediaBundle" name="Post new media (with non-existing provider)" time="0.359482" assertions="5">
    </testcase>
    <testcase classname="Check the API for MediaBundle" name="Media full workflow" time="0.462364" assertions="26">
        <failure message="Failed asserting that 500 is identical to 200." type="failed"><![CDATA[
exception 'PHPUnit_Framework_ExpectationFailedException' with message 'Failed asserting that 500 is identical to 200.' in /Users/ronan/Sites/sandbox/vendor/phpunit/phpunit/PHPUnit/Framework/Constraint.php:144
Stack trace:
#0 /Users/ronan/Sites/sandbox/vendor/phpunit/phpunit/PHPUnit/Framework/Constraint/IsIdentical.php(132): PHPUnit_Framework_Constraint->fail(500, '', NULL)
#1 /Users/ronan/Sites/sandbox/vendor/phpunit/phpunit/PHPUnit/Framework/Assert.php(2134): PHPUnit_Framework_Constraint_IsIdentical->evaluate(500, '')
#2 /Users/ronan/Sites/sandbox/vendor/phpunit/phpunit/PHPUnit/Framework/Assert.php(1095): PHPUnit_Framework_Assert::assertThat(500, Object(PHPUnit_Framework_Constraint_IsIdentical), '')
#3 [internal function]: PHPUnit_Framework_Assert::assertSame(200, 500)
#4 /Users/ronan/Sites/sandbox/vendor/phpunit/phpunit/PHPUnit/Framework/Assert/Functions.php(1223): call_user_func_array('PHPUnit_Framewo...', Array)
#5 /Users/ronan/Sites/sandbox/vendor/behat/common-contexts/Behat/CommonContexts/WebApiContext.php(153): assertSame(200, 500)
#6 [internal function]: Behat\CommonContexts\WebApiContext->theResponseCodeShouldBe('200')
#7 /Users/ronan/Sites/sandbox/vendor/behat/behat/src/Behat/Behat/Definition/Annotation/Definition.php(155): call_user_func_array(Array, Array)
#8 /Users/ronan/Sites/sandbox/vendor/behat/behat/src/Behat/Behat/Tester/StepTester.php(157): Behat\Behat\Definition\Annotation\Definition->run(Object(FeatureContext))
#9 /Users/ronan/Sites/sandbox/vendor/behat/behat/src/Behat/Behat/Tester/StepTester.php(126): Behat\Behat\Tester\StepTester->executeStepDefinition(Object(Behat\Gherkin\Node\StepNode), Object(Behat\Behat\Definition\Annotation\Then))
#10 /Users/ronan/Sites/sandbox/vendor/behat/behat/src/Behat/Behat/Tester/StepTester.php(95): Behat\Behat\Tester\StepTester->executeStep(Object(Behat\Gherkin\Node\StepNode))
#11 /Users/ronan/Sites/sandbox/vendor/behat/gherkin/src/Behat/Gherkin/Node/AbstractNode.php(42): Behat\Behat\Tester\StepTester->visit(Object(Behat\Gherkin\Node\StepNode))
#12 /Users/ronan/Sites/sandbox/vendor/behat/behat/src/Behat/Behat/Tester/ScenarioTester.php(148): Behat\Gherkin\Node\AbstractNode->accept(Object(Behat\Behat\Tester\StepTester))
#13 /Users/ronan/Sites/sandbox/vendor/behat/behat/src/Behat/Behat/Tester/ScenarioTester.php(87): Behat\Behat\Tester\ScenarioTester->visitStep(Object(Behat\Gherkin\Node\StepNode), Object(Behat\Gherkin\Node\ScenarioNode), Object(FeatureContext), Array, false)
#14 /Users/ronan/Sites/sandbox/vendor/behat/gherkin/src/Behat/Gherkin/Node/AbstractNode.php(42): Behat\Behat\Tester\ScenarioTester->visit(Object(Behat\Gherkin\Node\ScenarioNode))
#15 /Users/ronan/Sites/sandbox/vendor/behat/behat/src/Behat/Behat/Tester/FeatureTester.php(88): Behat\Gherkin\Node\AbstractNode->accept(Object(Behat\Behat\Tester\ScenarioTester))
#16 /Users/ronan/Sites/sandbox/vendor/behat/gherkin/src/Behat/Gherkin/Node/AbstractNode.php(42): Behat\Behat\Tester\FeatureTester->visit(Object(Behat\Gherkin\Node\FeatureNode))
#17 /Users/ronan/Sites/sandbox/vendor/behat/behat/src/Behat/Behat/Console/Command/BehatCommand.php(150): Behat\Gherkin\Node\AbstractNode->accept(Object(Behat\Behat\Tester\FeatureTester))
#18 /Users/ronan/Sites/sandbox/vendor/behat/behat/src/Behat/Behat/Console/Command/BehatCommand.php(128): Behat\Behat\Console\Command\BehatCommand->runFeatures(Object(Behat\Gherkin\Gherkin))
#19 /Users/ronan/Sites/sandbox/vendor/symfony/symfony/src/Symfony/Component/Console/Command/Command.php(244): Behat\Behat\Console\Command\BehatCommand->execute(Object(Symfony\Component\Console\Input\ArgvInput), Object(Symfony\Component\Console\Output\ConsoleOutput))
#20 /Users/ronan/Sites/sandbox/vendor/symfony/symfony/src/Symfony/Component/Console/Application.php(891): Symfony\Component\Console\Command\Command->run(Object(Symfony\Component\Console\Input\ArgvInput), Object(Symfony\Component\Console\Output\ConsoleOutput))
#21 /Users/ronan/Sites/sandbox/vendor/symfony/symfony/src/Symfony/Component/Console/Application.php(191): Symfony\Component\Console\Application->doRunCommand(Object(Behat\Behat\Console\Command\BehatCommand), Object(Symfony\Component\Console\Input\ArgvInput), Object(Symfony\Component\Console\Output\ConsoleOutput))
#22 /Users/ronan/Sites/sandbox/vendor/behat/behat/src/Behat/Behat/Console/BehatApplication.php(68): Symfony\Component\Console\Application->doRun(Object(Symfony\Component\Console\Input\ArgvInput), Object(Symfony\Component\Console\Output\ConsoleOutput))
#23 /Users/ronan/Sites/sandbox/vendor/symfony/symfony/src/Symfony/Component/Console/Application.php(121): Behat\Behat\Console\BehatApplication->doRun(Object(Symfony\Component\Console\Input\ArgvInput), Object(Symfony\Component\Console\Output\ConsoleOutput))
#24 /Users/ronan/Sites/sandbox/vendor/behat/behat/bin/behat(32): Symfony\Component\Console\Application->run()
#25 {main}
]]></failure>
    </testcase>
</testsuite>
